<?xml version="1.0" encoding="UTF-8"?>
<testng-results ignored="0" total="1" passed="1" failed="0" skipped="0">
  <reporter-output>
  </reporter-output>
  <suite started-at="2023-04-03T20:02:45 IST" name="Default suite" finished-at="2023-04-03T20:03:22 IST" duration-ms="37073">
    <groups>
    </groups>
    <test started-at="2023-04-03T20:02:45 IST" name="Default test" finished-at="2023-04-03T20:03:22 IST" duration-ms="37073">
      <class name="Configuration.Cam">
        <test-method is-config="true" signature="before()[pri:0, instance:Configuration.Cam@3012646b]" started-at="2023-04-03T20:02:45 IST" name="before" finished-at="2023-04-03T20:02:49 IST" duration-ms="4259" status="PASS">
          <reporter-output>
          </reporter-output>
        </test-method> <!-- before -->
        <test-method signature="startConfiguring()[pri:0, instance:Configuration.Cam@3012646b]" started-at="2023-04-03T20:02:49 IST" name="startConfiguring" finished-at="2023-04-03T20:03:22 IST" duration-ms="32412" status="PASS">
          <reporter-output>
          </reporter-output>
        </test-method> <!-- startConfiguring -->
        <test-method is-config="true" signature="after()[pri:0, instance:Configuration.Cam@3012646b]" started-at="2023-04-03T20:03:22 IST" name="after" finished-at="2023-04-03T20:03:22 IST" duration-ms="318" status="PASS">
          <reporter-output>
          </reporter-output>
        </test-method> <!-- after -->
      </class> <!-- Configuration.Cam -->
    </test> <!-- Default test -->
  </suite> <!-- Default suite -->
</testng-results>
