<?xml version="1.0" encoding="UTF-8"?>
<testng-results ignored="0" total="1" passed="1" failed="0" skipped="0">
  <reporter-output>
  </reporter-output>
  <suite started-at="2023-04-04T16:18:02 IST" name="Default suite" finished-at="2023-04-04T16:18:50 IST" duration-ms="48186">
    <groups>
    </groups>
    <test started-at="2023-04-04T16:18:02 IST" name="Default test" finished-at="2023-04-04T16:18:50 IST" duration-ms="48186">
      <class name="Configuration.Cam">
        <test-method is-config="true" signature="before()[pri:0, instance:Configuration.Cam@5824a83d]" started-at="2023-04-04T16:18:02 IST" name="before" finished-at="2023-04-04T16:18:06 IST" duration-ms="4218" status="PASS">
          <reporter-output>
          </reporter-output>
        </test-method> <!-- before -->
        <test-method signature="startConfiguring()[pri:0, instance:Configuration.Cam@5824a83d]" started-at="2023-04-04T16:18:06 IST" name="startConfiguring" finished-at="2023-04-04T16:18:49 IST" duration-ms="43307" status="PASS">
          <reporter-output>
          </reporter-output>
        </test-method> <!-- startConfiguring -->
        <test-method is-config="true" signature="after()[pri:0, instance:Configuration.Cam@5824a83d]" started-at="2023-04-04T16:18:49 IST" name="after" finished-at="2023-04-04T16:18:50 IST" duration-ms="577" status="PASS">
          <reporter-output>
          </reporter-output>
        </test-method> <!-- after -->
      </class> <!-- Configuration.Cam -->
    </test> <!-- Default test -->
  </suite> <!-- Default suite -->
</testng-results>
